0 info it worked if it ends with ok
1 verbose cli [ '/usr/local/bin/node',
1 verbose cli   '/usr/local/bin/npm',
1 verbose cli   'install',
1 verbose cli   '-g',
1 verbose cli   'grunt-cli' ]
2 info using npm@2.14.12
3 info using node@v4.3.0
4 verbose install initial load of /usr/local/lib/package.json
5 verbose readDependencies loading dependencies from /usr/local/lib/package.json
6 silly cache add args [ 'grunt-cli', null ]
7 verbose cache add spec grunt-cli
8 silly cache add parsed spec Result {
8 silly cache add   raw: 'grunt-cli',
8 silly cache add   scope: null,
8 silly cache add   name: 'grunt-cli',
8 silly cache add   rawSpec: '',
8 silly cache add   spec: 'latest',
8 silly cache add   type: 'tag' }
9 silly addNamed grunt-cli@latest
10 verbose addNamed "latest" is being treated as a dist-tag for grunt-cli
11 info addNameTag [ 'grunt-cli', 'latest' ]
12 silly mapToRegistry name grunt-cli
13 silly mapToRegistry using default registry
14 silly mapToRegistry registry https://registry.npmjs.org/
15 silly mapToRegistry uri https://registry.npmjs.org/grunt-cli
16 verbose addNameTag registry:https://registry.npmjs.org/grunt-cli not in flight; fetching
17 verbose request uri https://registry.npmjs.org/grunt-cli
18 verbose request no auth needed
19 info attempt registry request try #1 at 1:09:28 PM
20 verbose request id b9b540b20ea1bb34
21 http request GET https://registry.npmjs.org/grunt-cli
22 http 200 https://registry.npmjs.org/grunt-cli
23 verbose headers { server: 'CouchDB/1.5.0 (Erlang OTP/R16B03)',
23 verbose headers   etag: '"86QXY444K7EB5HEDMGLI7AQ5Q"',
23 verbose headers   'content-type': 'application/json',
23 verbose headers   'cache-control': 'max-age=300',
23 verbose headers   'content-length': '24101',
23 verbose headers   'accept-ranges': 'bytes',
23 verbose headers   date: 'Tue, 16 Feb 2016 18:09:29 GMT',
23 verbose headers   via: '1.1 varnish',
23 verbose headers   age: '182',
23 verbose headers   connection: 'keep-alive',
23 verbose headers   'x-served-by': 'cache-atl6232-ATL',
23 verbose headers   'x-cache': 'HIT',
23 verbose headers   'x-cache-hits': '5',
23 verbose headers   'x-timer': 'S1455646169.546525,VS0,VE0',
23 verbose headers   vary: 'Accept' }
24 silly get cb [ 200,
24 silly get   { server: 'CouchDB/1.5.0 (Erlang OTP/R16B03)',
24 silly get     etag: '"86QXY444K7EB5HEDMGLI7AQ5Q"',
24 silly get     'content-type': 'application/json',
24 silly get     'cache-control': 'max-age=300',
24 silly get     'content-length': '24101',
24 silly get     'accept-ranges': 'bytes',
24 silly get     date: 'Tue, 16 Feb 2016 18:09:29 GMT',
24 silly get     via: '1.1 varnish',
24 silly get     age: '182',
24 silly get     connection: 'keep-alive',
24 silly get     'x-served-by': 'cache-atl6232-ATL',
24 silly get     'x-cache': 'HIT',
24 silly get     'x-cache-hits': '5',
24 silly get     'x-timer': 'S1455646169.546525,VS0,VE0',
24 silly get     vary: 'Accept' } ]
25 verbose get saving grunt-cli to /Users/Maegan/.npm/registry.npmjs.org/grunt-cli/.cache.json
26 verbose makeDirectory /Users/Maegan/.npm creation not in flight; initializing
27 silly makeDirectory /Users/Maegan/.npm uid: 501 gid: 20
28 silly addNameTag next cb for grunt-cli with tag latest
29 silly addNamed grunt-cli@0.1.13
30 verbose addNamed "0.1.13" is a plain semver version for grunt-cli
31 silly mapToRegistry name grunt-cli
32 silly mapToRegistry using default registry
33 silly mapToRegistry registry https://registry.npmjs.org/
34 silly mapToRegistry uri https://registry.npmjs.org/grunt-cli
35 verbose addRemoteTarball https://registry.npmjs.org/grunt-cli/-/grunt-cli-0.1.13.tgz not in flight; adding
36 verbose addRemoteTarball [ 'https://registry.npmjs.org/grunt-cli/-/grunt-cli-0.1.13.tgz',
36 verbose addRemoteTarball   'e9ebc4047631f5012d922770c39378133cad10f4' ]
37 info retry fetch attempt 1 at 1:09:29 PM
38 info attempt registry request try #1 at 1:09:29 PM
39 http fetch GET https://registry.npmjs.org/grunt-cli/-/grunt-cli-0.1.13.tgz
40 http fetch 200 https://registry.npmjs.org/grunt-cli/-/grunt-cli-0.1.13.tgz
41 silly fetchAndShaCheck shasum e9ebc4047631f5012d922770c39378133cad10f4
42 verbose addTmpTarball /var/folders/_c/fc0tx1252fnd1_v49v9rhxvh0000gn/T/npm-42058-cf1ca3b4/registry.npmjs.org/grunt-cli/-/grunt-cli-0.1.13.tgz not in flight; adding
43 verbose addTmpTarball already have metadata; skipping unpack for grunt-cli@0.1.13
44 silly cache afterAdd grunt-cli@0.1.13
45 verbose afterAdd /Users/Maegan/.npm/grunt-cli/0.1.13/package/package.json not in flight; writing
46 verbose afterAdd /Users/Maegan/.npm/grunt-cli/0.1.13/package/package.json written
47 silly install resolved [ { name: 'grunt-cli',
47 silly install resolved     description: 'The grunt command line interface.',
47 silly install resolved     version: '0.1.13',
47 silly install resolved     author: { name: 'Grunt Team' },
47 silly install resolved     homepage: 'http://gruntjs.com/',
47 silly install resolved     repository: { type: 'git', url: 'git://github.com/gruntjs/grunt-cli.git' },
47 silly install resolved     bugs: { url: 'http://github.com/gruntjs/grunt-cli/issues' },
47 silly install resolved     licenses: [ [Object] ],
47 silly install resolved     bin: { grunt: 'bin/grunt' },
47 silly install resolved     engines: { node: '>= 0.8.0' },
47 silly install resolved     scripts: { test: 'node bin/grunt test' },
47 silly install resolved     preferGlobal: true,
47 silly install resolved     dependencies: { nopt: '~1.0.10', 'findup-sync': '~0.1.0', resolve: '~0.3.1' },
47 silly install resolved     devDependencies: { grunt: '~0.4.0', 'grunt-contrib-jshint': '~0.2.0' },
47 silly install resolved     contributors: [ [Object], [Object], [Object], [Object] ],
47 silly install resolved     _id: 'grunt-cli@0.1.13',
47 silly install resolved     dist:
47 silly install resolved      { shasum: 'e9ebc4047631f5012d922770c39378133cad10f4',
47 silly install resolved        tarball: 'http://registry.npmjs.org/grunt-cli/-/grunt-cli-0.1.13.tgz' },
47 silly install resolved     _from: 'grunt-cli@latest',
47 silly install resolved     _npmVersion: '1.3.24',
47 silly install resolved     _npmUser: { name: 'tkellen', email: 'tyler@sleekcode.net' },
47 silly install resolved     maintainers: [ [Object] ],
47 silly install resolved     directories: {},
47 silly install resolved     _shasum: 'e9ebc4047631f5012d922770c39378133cad10f4',
47 silly install resolved     _resolved: 'https://registry.npmjs.org/grunt-cli/-/grunt-cli-0.1.13.tgz' } ]
48 info install grunt-cli@0.1.13 into /usr/local/lib
49 info installOne grunt-cli@0.1.13
50 verbose installOne of grunt-cli to /usr/local/lib not in flight; installing
51 verbose makeDirectory /Users/Maegan/.npm/_locks creation not in flight; initializing
52 silly makeDirectory /Users/Maegan/.npm/_locks uid: 501 gid: 20
53 verbose lock using /Users/Maegan/.npm/_locks/grunt-cli-58f484dab06f0a30.lock for /usr/local/lib/node_modules/grunt-cli
54 silly install write writing grunt-cli 0.1.13 to /usr/local/lib/node_modules/grunt-cli
55 verbose unbuild lib/node_modules/grunt-cli
56 silly gentlyRm /usr/local/lib/node_modules/grunt-cli is being purged from base /usr/local
57 verbose gentlyRm don't care about contents; nuking /usr/local/lib/node_modules/grunt-cli
58 verbose tar unpack /Users/Maegan/.npm/grunt-cli/0.1.13/package.tgz
59 verbose tar unpacking to /usr/local/lib/node_modules/grunt-cli
60 silly gentlyRm /usr/local/lib/node_modules/grunt-cli is being purged
61 verbose gentlyRm don't care about contents; nuking /usr/local/lib/node_modules/grunt-cli
62 silly gunzTarPerm modes [ '755', '644' ]
63 error tar.unpack untar error /Users/Maegan/.npm/grunt-cli/0.1.13/package.tgz
64 verbose unlock done using /Users/Maegan/.npm/_locks/grunt-cli-58f484dab06f0a30.lock for /usr/local/lib/node_modules/grunt-cli
65 verbose fstream_path /usr/local/lib/node_modules/grunt-cli
66 verbose fstream_type Directory
67 verbose fstream_class DirWriter
68 verbose stack Error: EACCES: permission denied, mkdir '/usr/local/lib/node_modules/grunt-cli'
68 verbose stack     at Error (native)
69 verbose fstream_stack /usr/local/lib/node_modules/npm/node_modules/fstream/lib/dir-writer.js:35:25
69 verbose fstream_stack /usr/local/lib/node_modules/npm/node_modules/mkdirp/index.js:47:53
69 verbose fstream_stack FSReqWrap.oncomplete (fs.js:82:15)
70 verbose cwd /Users/Maegan/Desktop/Dev/andele
71 error Darwin 15.0.0
72 error argv "/usr/local/bin/node" "/usr/local/bin/npm" "install" "-g" "grunt-cli"
73 error node v4.3.0
74 error npm  v2.14.12
75 error path /usr/local/lib/node_modules/grunt-cli
76 error code EACCES
77 error errno -13
78 error syscall mkdir
79 error Error: EACCES: permission denied, mkdir '/usr/local/lib/node_modules/grunt-cli'
79 error     at Error (native)
79 error  { [Error: EACCES: permission denied, mkdir '/usr/local/lib/node_modules/grunt-cli']
79 error   errno: -13,
79 error   code: 'EACCES',
79 error   syscall: 'mkdir',
79 error   path: '/usr/local/lib/node_modules/grunt-cli',
79 error   fstream_type: 'Directory',
79 error   fstream_path: '/usr/local/lib/node_modules/grunt-cli',
79 error   fstream_class: 'DirWriter',
79 error   fstream_stack:
79 error    [ '/usr/local/lib/node_modules/npm/node_modules/fstream/lib/dir-writer.js:35:25',
79 error      '/usr/local/lib/node_modules/npm/node_modules/mkdirp/index.js:47:53',
79 error      'FSReqWrap.oncomplete (fs.js:82:15)' ] }
80 error Please try running this command again as root/Administrator.
81 verbose exit [ -13, true ]
82 verbose unbuild lib/node_modules/grunt-cli
83 silly gentlyRm /usr/local/lib/node_modules/grunt-cli is being purged from base /usr/local
84 verbose gentlyRm don't care about contents; nuking /usr/local/lib/node_modules/grunt-cli
